\BOOKMARK [1][-]{section.1}{Divisibility and Primes}{}% 1
\BOOKMARK [2][-]{subsection.1.1}{Division Algorithm}{section.1}% 2
\BOOKMARK [2][-]{subsection.1.2}{Greatest Common Divisors}{section.1}% 3
\BOOKMARK [2][-]{subsection.1.3}{The Euclidean Algorithm and Continued Fractions}{section.1}% 4
\BOOKMARK [2][-]{subsection.1.4}{The Fundamental Theorem of Arithmetic}{section.1}% 5
\BOOKMARK [2][-]{subsection.1.5}{Euclid's Theorem and the Sieve of Erastosthenes}{section.1}% 6
\BOOKMARK [2][-]{subsection.1.6}{A Linear Diophantine Equation}{section.1}% 7
\BOOKMARK [1][-]{section.2}{Congruences}{}% 8
\BOOKMARK [2][-]{subsection.2.1}{The Ring of Congruence Classes}{section.2}% 9
\BOOKMARK [2][-]{subsection.2.2}{Linear Congruences}{section.2}% 10
\BOOKMARK [2][-]{subsection.2.3}{The Euler Phi Function}{section.2}% 11
\BOOKMARK [2][-]{subsection.2.4}{Chinese Remainder Theorem}{section.2}% 12
\BOOKMARK [2][-]{subsection.2.5}{Euler's Theorem and Fermat's Theorem}{section.2}% 13
\BOOKMARK [2][-]{subsection.2.6}{Pseudoprimes and Carmichael Numbers}{section.2}% 14
\BOOKMARK [2][-]{subsection.2.7}{Public Key Cryptography}{section.2}% 15
\BOOKMARK [1][-]{section.3}{Primitive Roots and Quadratic Reciprocity}{}% 16
\BOOKMARK [2][-]{subsection.3.1}{Polynomials and Primitive Roots}{section.3}% 17
\BOOKMARK [2][-]{subsection.3.2}{Primitive Roots to Composite Moduli}{section.3}% 18
\BOOKMARK [2][-]{subsection.3.3}{Power Residues}{section.3}% 19
\BOOKMARK [2][-]{subsection.3.4}{Quadratic Residues}{section.3}% 20
\BOOKMARK [2][-]{subsection.3.5}{Quadratic Reciprocity Law}{section.3}% 21
\BOOKMARK [2][-]{subsection.3.6}{Quadratic Residues to Composite Moduli}{section.3}% 22
\BOOKMARK [1][-]{section.4}{Fourier Analysis on Finite Abelian Groups}{}% 23
\BOOKMARK [2][-]{subsection.4.1}{The Structure of Finite Abelian Groups}{section.4}% 24
\BOOKMARK [2][-]{subsection.4.2}{Characters of Finite Abelian Groups}{section.4}% 25
